<?xml version="1.0" encoding="UTF-8"?>
<!-- Generated by org.testng.reporters.JUnitReportReporter -->
<testsuite hostname="CAI-C02SG3SRFVH6LT" name="com.cox.maven.poc.test_maven.TestNGExecutor" tests="2" failures="0" timestamp="21 Mar 2017 13:07:40 GMT" time="0.003" errors="2">
  <testcase name="login" time="0.002" classname="com.cox.maven.poc.test_maven.TestNGExecutor">
    <error type="org.openqa.selenium.WebDriverException" message="Failed to connect to binary FirefoxBinary(/Applications/Firefox.app/Contents/MacOS/firefox-bin) on port 7055; process output follows: 
Locale&quot;:{&quot;name&quot;:&quot;Default&quot;,&quot;description&quot;:&quot;The default theme.&quot;,&quot;creator&quot;:&quot;Mozilla&quot;,&quot;homepageURL&quot;:null,&quot;contributors&quot;:[&quot;Mozilla Contributors&quot;]},&quot;visible&quot;:true,&quot;active&quot;:true,&quot;userDisabled&quot;:false,&quot;appDisabled&quot;:false,&quot;descriptor&quot;:&quot;/Applications/Firefox.app/Contents/Resources/browser/extensions/{972ce4c6-7e08-4474-a285-3208198ce6fd}.xpi&quot;,&quot;installDate&quot;:1485373007000,&quot;updateDate&quot;:1485373007000,&quot;applyBackgroundUpdates&quot;:1,&quot;skinnable&quot;:true,&quot;size&quot;:6352,&quot;sourceURI&quot;:null,&quot;releaseNotesURI&quot;:null,&quot;softDisabled&quot;:false,&quot;foreignInstall&quot;:false,&quot;hasBinaryComponents&quot;:false,&quot;strictCompatibility&quot;:true,&quot;locales&quot;:[],&quot;targetApplications&quot;:[{&quot;id&quot;:&quot;{ec8030f7-c20a-464f-9b0e-13a3a9e97384}&quot;,&quot;minVersion&quot;:&quot;51.0.1&quot;,&quot;maxVersion&quot;:&quot;51.0.1&quot;}],&quot;targetPlatforms&quot;:[],&quot;seen&quot;:true,&quot;dependencies&quot;:[],&quot;hasEmbeddedWebExtension&quot;:false}
1490101614094	addons.xpi	DEBUG	getModTime: Recursive scan of {972ce4c6-7e08-4474-a285-3208198ce6fd}
1490101614095	DeferredSave.extensions.json	DEBUG	Save changes
1490101614095	addons.xpi	DEBUG	Updating database with changes to installed add-ons
1490101614095	addons.xpi-utils	DEBUG	Updating add-on states
1490101614095	addons.xpi-utils	DEBUG	Writing add-ons list
1490101614097	addons.xpi	DEBUG	Registering manifest for /Applications/Firefox.app/Contents/Resources/browser/features/aushelper@mozilla.org.xpi
1490101614097	addons.xpi	DEBUG	Calling bootstrap method startup on aushelper@mozilla.org version 1.0
1490101614097	addons.xpi	DEBUG	Registering manifest for /Applications/Firefox.app/Contents/Resources/browser/features/e10srollout@mozilla.org.xpi
1490101614098	addons.xpi	DEBUG	Calling bootstrap method startup on e10srollout@mozilla.org version 1.7
1490101614098	addons.xpi	DEBUG	Registering manifest for /Applications/Firefox.app/Contents/Resources/browser/features/firefox@getpocket.com.xpi
1490101614099	addons.xpi	DEBUG	Calling bootstrap method startup on firefox@getpocket.com version 1.0.5
1490101614099	addons.xpi	DEBUG	Registering manifest for /Applications/Firefox.app/Contents/Resources/browser/features/webcompat@mozilla.org.xpi
1490101614100	addons.xpi	DEBUG	Calling bootstrap method startup on webcompat@mozilla.org version 1.0
1490101614103	addons.manager	DEBUG	Registering shutdown blocker for XPIProvider
1490101614103	addons.manager	DEBUG	Provider finished startup: XPIProvider
1490101614103	addons.manager	DEBUG	Starting provider: LightweightThemeManager
1490101614103	addons.manager	DEBUG	Registering shutdown blocker for LightweightThemeManager
1490101614104	addons.manager	DEBUG	Provider finished startup: LightweightThemeManager
1490101614104	addons.manager	DEBUG	Starting provider: GMPProvider
1490101614110	addons.manager	DEBUG	Registering shutdown blocker for GMPProvider
1490101614110	addons.manager	DEBUG	Provider finished startup: GMPProvider
1490101614110	addons.manager	DEBUG	Starting provider: PluginProvider
1490101614111	addons.manager	DEBUG	Registering shutdown blocker for PluginProvider
1490101614111	addons.manager	DEBUG	Provider finished startup: PluginProvider
1490101614111	addons.manager	DEBUG	Completed startup sequence
1490101614404	addons.manager	DEBUG	Starting provider: &lt;unnamed-provider&gt;
1490101614405	addons.manager	DEBUG	Registering shutdown blocker for &lt;unnamed-provider&gt;
1490101614405	addons.manager	DEBUG	Provider finished startup: &lt;unnamed-provider&gt;
1490101614413	DeferredSave.extensions.json	DEBUG	Starting write
1490101614562	addons.repository	DEBUG	No addons.json found.
1490101614562	DeferredSave.addons.json	DEBUG	Save changes
1490101614565	DeferredSave.addons.json	DEBUG	Starting timer
1490101614587	addons.manager	DEBUG	Starting provider: PreviousExperimentProvider
1490101614587	addons.manager	DEBUG	Registering shutdown blocker for PreviousExperimentProvider
1490101614588	addons.manager	DEBUG	Provider finished startup: PreviousExperimentProvider
1490101614592	DeferredSave.extensions.json	DEBUG	Write succeeded
1490101614592	addons.xpi-utils	DEBUG	XPI Database saved, setting schema version preference to 19
1490101614619	DeferredSave.addons.json	DEBUG	Starting write
1490101614643	DeferredSave.addons.json	DEBUG	Write succeeded

Build info: version: &#039;2.53.1&#039;, revision: &#039;a36b8b1cd5757287168e54b817830adce9b0158d&#039;, time: &#039;2016-06-30 19:26:09&#039;
System info: host: &#039;CAI-C02SG3SRFVH6LT&#039;, ip: &#039;165.160.13.20&#039;, os.name: &#039;Mac OS X&#039;, os.arch: &#039;x86_64&#039;, os.version: &#039;10.11.6&#039;, java.version: &#039;1.8.0_121&#039;
Driver info: driver.version: FirefoxDriver">
      <![CDATA[org.openqa.selenium.WebDriverException: Failed to connect to binary FirefoxBinary(/Applications/Firefox.app/Contents/MacOS/firefox-bin) on port 7055; process output follows: 
Locale":{"name":"Default","description":"The default theme.","creator":"Mozilla","homepageURL":null,"contributors":["Mozilla Contributors"]},"visible":true,"active":true,"userDisabled":false,"appDisabled":false,"descriptor":"/Applications/Firefox.app/Contents/Resources/browser/extensions/{972ce4c6-7e08-4474-a285-3208198ce6fd}.xpi","installDate":1485373007000,"updateDate":1485373007000,"applyBackgroundUpdates":1,"skinnable":true,"size":6352,"sourceURI":null,"releaseNotesURI":null,"softDisabled":false,"foreignInstall":false,"hasBinaryComponents":false,"strictCompatibility":true,"locales":[],"targetApplications":[{"id":"{ec8030f7-c20a-464f-9b0e-13a3a9e97384}","minVersion":"51.0.1","maxVersion":"51.0.1"}],"targetPlatforms":[],"seen":true,"dependencies":[],"hasEmbeddedWebExtension":false}
1490101614094	addons.xpi	DEBUG	getModTime: Recursive scan of {972ce4c6-7e08-4474-a285-3208198ce6fd}
1490101614095	DeferredSave.extensions.json	DEBUG	Save changes
1490101614095	addons.xpi	DEBUG	Updating database with changes to installed add-ons
1490101614095	addons.xpi-utils	DEBUG	Updating add-on states
1490101614095	addons.xpi-utils	DEBUG	Writing add-ons list
1490101614097	addons.xpi	DEBUG	Registering manifest for /Applications/Firefox.app/Contents/Resources/browser/features/aushelper@mozilla.org.xpi
1490101614097	addons.xpi	DEBUG	Calling bootstrap method startup on aushelper@mozilla.org version 1.0
1490101614097	addons.xpi	DEBUG	Registering manifest for /Applications/Firefox.app/Contents/Resources/browser/features/e10srollout@mozilla.org.xpi
1490101614098	addons.xpi	DEBUG	Calling bootstrap method startup on e10srollout@mozilla.org version 1.7
1490101614098	addons.xpi	DEBUG	Registering manifest for /Applications/Firefox.app/Contents/Resources/browser/features/firefox@getpocket.com.xpi
1490101614099	addons.xpi	DEBUG	Calling bootstrap method startup on firefox@getpocket.com version 1.0.5
1490101614099	addons.xpi	DEBUG	Registering manifest for /Applications/Firefox.app/Contents/Resources/browser/features/webcompat@mozilla.org.xpi
1490101614100	addons.xpi	DEBUG	Calling bootstrap method startup on webcompat@mozilla.org version 1.0
1490101614103	addons.manager	DEBUG	Registering shutdown blocker for XPIProvider
1490101614103	addons.manager	DEBUG	Provider finished startup: XPIProvider
1490101614103	addons.manager	DEBUG	Starting provider: LightweightThemeManager
1490101614103	addons.manager	DEBUG	Registering shutdown blocker for LightweightThemeManager
1490101614104	addons.manager	DEBUG	Provider finished startup: LightweightThemeManager
1490101614104	addons.manager	DEBUG	Starting provider: GMPProvider
1490101614110	addons.manager	DEBUG	Registering shutdown blocker for GMPProvider
1490101614110	addons.manager	DEBUG	Provider finished startup: GMPProvider
1490101614110	addons.manager	DEBUG	Starting provider: PluginProvider
1490101614111	addons.manager	DEBUG	Registering shutdown blocker for PluginProvider
1490101614111	addons.manager	DEBUG	Provider finished startup: PluginProvider
1490101614111	addons.manager	DEBUG	Completed startup sequence
1490101614404	addons.manager	DEBUG	Starting provider: <unnamed-provider>
1490101614405	addons.manager	DEBUG	Registering shutdown blocker for <unnamed-provider>
1490101614405	addons.manager	DEBUG	Provider finished startup: <unnamed-provider>
1490101614413	DeferredSave.extensions.json	DEBUG	Starting write
1490101614562	addons.repository	DEBUG	No addons.json found.
1490101614562	DeferredSave.addons.json	DEBUG	Save changes
1490101614565	DeferredSave.addons.json	DEBUG	Starting timer
1490101614587	addons.manager	DEBUG	Starting provider: PreviousExperimentProvider
1490101614587	addons.manager	DEBUG	Registering shutdown blocker for PreviousExperimentProvider
1490101614588	addons.manager	DEBUG	Provider finished startup: PreviousExperimentProvider
1490101614592	DeferredSave.extensions.json	DEBUG	Write succeeded
1490101614592	addons.xpi-utils	DEBUG	XPI Database saved, setting schema version preference to 19
1490101614619	DeferredSave.addons.json	DEBUG	Starting write
1490101614643	DeferredSave.addons.json	DEBUG	Write succeeded

Build info: version: '2.53.1', revision: 'a36b8b1cd5757287168e54b817830adce9b0158d', time: '2016-06-30 19:26:09'
System info: host: 'CAI-C02SG3SRFVH6LT', ip: '165.160.13.20', os.name: 'Mac OS X', os.arch: 'x86_64', os.version: '10.11.6', java.version: '1.8.0_121'
Driver info: driver.version: FirefoxDriver
	at org.openqa.selenium.firefox.internal.NewProfileExtensionConnection.start(NewProfileExtensionConnection.java:125)
	at org.openqa.selenium.firefox.FirefoxDriver.startClient(FirefoxDriver.java:271)
	at org.openqa.selenium.remote.RemoteWebDriver.<init>(RemoteWebDriver.java:119)
	at org.openqa.selenium.firefox.FirefoxDriver.<init>(FirefoxDriver.java:216)
	at org.openqa.selenium.firefox.FirefoxDriver.<init>(FirefoxDriver.java:211)
	at org.openqa.selenium.firefox.FirefoxDriver.<init>(FirefoxDriver.java:207)
	at org.openqa.selenium.firefox.FirefoxDriver.<init>(FirefoxDriver.java:120)
	at com.cox.maven.poc.test_maven.TestNGExecutor.beforeTest(TestNGExecutor.java:32)
	at sun.reflect.NativeMethodAccessorImpl.invoke0(Native Method)
	at sun.reflect.NativeMethodAccessorImpl.invoke(NativeMethodAccessorImpl.java:62)
	at sun.reflect.DelegatingMethodAccessorImpl.invoke(DelegatingMethodAccessorImpl.java:43)
	at java.lang.reflect.Method.invoke(Method.java:498)
	at org.testng.internal.MethodInvocationHelper.invokeMethod(MethodInvocationHelper.java:85)
	at org.testng.internal.Invoker.invokeConfigurationMethod(Invoker.java:510)
	at org.testng.internal.Invoker.invokeConfigurations(Invoker.java:211)
	at org.testng.internal.Invoker.invokeConfigurations(Invoker.java:138)
	at org.testng.internal.TestMethodWorker.invokeBeforeClassMethods(TestMethodWorker.java:170)
	at org.testng.internal.TestMethodWorker.run(TestMethodWorker.java:104)
	at org.testng.TestRunner.privateRun(TestRunner.java:774)
	at org.testng.TestRunner.run(TestRunner.java:624)
	at org.testng.SuiteRunner.runTest(SuiteRunner.java:359)
	at org.testng.SuiteRunner.runSequentially(SuiteRunner.java:354)
	at org.testng.SuiteRunner.privateRun(SuiteRunner.java:312)
	at org.testng.SuiteRunner.run(SuiteRunner.java:261)
	at org.testng.SuiteRunnerWorker.runSuite(SuiteRunnerWorker.java:52)
	at org.testng.SuiteRunnerWorker.run(SuiteRunnerWorker.java:86)
	at org.testng.TestNG.runSuitesSequentially(TestNG.java:1191)
	at org.testng.TestNG.runSuitesLocally(TestNG.java:1116)
	at org.testng.TestNG.run(TestNG.java:1024)
	at org.testng.remote.AbstractRemoteTestNG.run(AbstractRemoteTestNG.java:132)
	at org.testng.remote.RemoteTestNG.initAndRun(RemoteTestNG.java:230)
	at org.testng.remote.RemoteTestNG.main(RemoteTestNG.java:76)
Caused by: org.openqa.selenium.firefox.NotConnectedException: Unable to connect to host 127.0.0.1 on port 7055 after 45000 ms. Firefox console output:
Locale":{"name":"Default","description":"The default theme.","creator":"Mozilla","homepageURL":null,"contributors":["Mozilla Contributors"]},"visible":true,"active":true,"userDisabled":false,"appDisabled":false,"descriptor":"/Applications/Firefox.app/Contents/Resources/browser/extensions/{972ce4c6-7e08-4474-a285-3208198ce6fd}.xpi","installDate":1485373007000,"updateDate":1485373007000,"applyBackgroundUpdates":1,"skinnable":true,"size":6352,"sourceURI":null,"releaseNotesURI":null,"softDisabled":false,"foreignInstall":false,"hasBinaryComponents":false,"strictCompatibility":true,"locales":[],"targetApplications":[{"id":"{ec8030f7-c20a-464f-9b0e-13a3a9e97384}","minVersion":"51.0.1","maxVersion":"51.0.1"}],"targetPlatforms":[],"seen":true,"dependencies":[],"hasEmbeddedWebExtension":false}
1490101614094	addons.xpi	DEBUG	getModTime: Recursive scan of {972ce4c6-7e08-4474-a285-3208198ce6fd}
1490101614095	DeferredSave.extensions.json	DEBUG	Save changes
1490101614095	addons.xpi	DEBUG	Updating database with changes to installed add-ons
1490101614095	addons.xpi-utils	DEBUG	Updating add-on states
1490101614095	addons.xpi-utils	DEBUG	Writing add-ons list
1490101614097	addons.xpi	DEBUG	Registering manifest for /Applications/Firefox.app/Contents/Resources/browser/features/aushelper@mozilla.org.xpi
1490101614097	addons.xpi	DEBUG	Calling bootstrap method startup on aushelper@mozilla.org version 1.0
1490101614097	addons.xpi	DEBUG	Registering manifest for /Applications/Firefox.app/Contents/Resources/browser/features/e10srollout@mozilla.org.xpi
1490101614098	addons.xpi	DEBUG	Calling bootstrap method startup on e10srollout@mozilla.org version 1.7
1490101614098	addons.xpi	DEBUG	Registering manifest for /Applications/Firefox.app/Contents/Resources/browser/features/firefox@getpocket.com.xpi
1490101614099	addons.xpi	DEBUG	Calling bootstrap method startup on firefox@getpocket.com version 1.0.5
1490101614099	addons.xpi	DEBUG	Registering manifest for /Applications/Firefox.app/Contents/Resources/browser/features/webcompat@mozilla.org.xpi
1490101614100	addons.xpi	DEBUG	Calling bootstrap method startup on webcompat@mozilla.org version 1.0
1490101614103	addons.manager	DEBUG	Registering shutdown blocker for XPIProvider
1490101614103	addons.manager	DEBUG	Provider finished startup: XPIProvider
1490101614103	addons.manager	DEBUG	Starting provider: LightweightThemeManager
1490101614103	addons.manager	DEBUG	Registering shutdown blocker for LightweightThemeManager
1490101614104	addons.manager	DEBUG	Provider finished startup: LightweightThemeManager
1490101614104	addons.manager	DEBUG	Starting provider: GMPProvider
1490101614110	addons.manager	DEBUG	Registering shutdown blocker for GMPProvider
1490101614110	addons.manager	DEBUG	Provider finished startup: GMPProvider
1490101614110	addons.manager	DEBUG	Starting provider: PluginProvider
1490101614111	addons.manager	DEBUG	Registering shutdown blocker for PluginProvider
1490101614111	addons.manager	DEBUG	Provider finished startup: PluginProvider
1490101614111	addons.manager	DEBUG	Completed startup sequence
1490101614404	addons.manager	DEBUG	Starting provider: <unnamed-provider>
1490101614405	addons.manager	DEBUG	Registering shutdown blocker for <unnamed-provider>
1490101614405	addons.manager	DEBUG	Provider finished startup: <unnamed-provider>
1490101614413	DeferredSave.extensions.json	DEBUG	Starting write
1490101614562	addons.repository	DEBUG	No addons.json found.
1490101614562	DeferredSave.addons.json	DEBUG	Save changes
1490101614565	DeferredSave.addons.json	DEBUG	Starting timer
1490101614587	addons.manager	DEBUG	Starting provider: PreviousExperimentProvider
1490101614587	addons.manager	DEBUG	Registering shutdown blocker for PreviousExperimentProvider
1490101614588	addons.manager	DEBUG	Provider finished startup: PreviousExperimentProvider
1490101614592	DeferredSave.extensions.json	DEBUG	Write succeeded
1490101614592	addons.xpi-utils	DEBUG	XPI Database saved, setting schema version preference to 19
1490101614619	DeferredSave.addons.json	DEBUG	Starting write
1490101614643	DeferredSave.addons.json	DEBUG	Write succeeded

	at org.openqa.selenium.firefox.internal.NewProfileExtensionConnection.start(NewProfileExtensionConnection.java:113)
	... 31 more
]]>
    </error>
  </testcase> <!-- login -->
  <testcase name="createOpportunities" time="0.001" classname="com.cox.maven.poc.test_maven.TestNGExecutor">
    <error type="java.lang.Throwable" message="Method TestNGExecutor.createOpportunities()[pri:0, instance:com.cox.maven.poc.test_maven.TestNGExecutor@754ba872] depends on not successfully finished methods">
      <![CDATA[java.lang.Throwable: Method TestNGExecutor.createOpportunities()[pri:0, instance:com.cox.maven.poc.test_maven.TestNGExecutor@754ba872] depends on not successfully finished methods
	at org.testng.internal.Invoker.invokeTestMethods(Invoker.java:1033)
	at org.testng.internal.TestMethodWorker.invokeTestMethods(TestMethodWorker.java:125)
	at org.testng.internal.TestMethodWorker.run(TestMethodWorker.java:108)
	at org.testng.TestRunner.privateRun(TestRunner.java:774)
	at org.testng.TestRunner.run(TestRunner.java:624)
	at org.testng.SuiteRunner.runTest(SuiteRunner.java:359)
	at org.testng.SuiteRunner.runSequentially(SuiteRunner.java:354)
	at org.testng.SuiteRunner.privateRun(SuiteRunner.java:312)
	at org.testng.SuiteRunner.run(SuiteRunner.java:261)
	at org.testng.SuiteRunnerWorker.runSuite(SuiteRunnerWorker.java:52)
	at org.testng.SuiteRunnerWorker.run(SuiteRunnerWorker.java:86)
	at org.testng.TestNG.runSuitesSequentially(TestNG.java:1191)
	at org.testng.TestNG.runSuitesLocally(TestNG.java:1116)
	at org.testng.TestNG.run(TestNG.java:1024)
	at org.testng.remote.AbstractRemoteTestNG.run(AbstractRemoteTestNG.java:132)
	at org.testng.remote.RemoteTestNG.initAndRun(RemoteTestNG.java:230)
	at org.testng.remote.RemoteTestNG.main(RemoteTestNG.java:76)
]]>
    </error>
  </testcase> <!-- createOpportunities -->
</testsuite> <!-- com.cox.maven.poc.test_maven.TestNGExecutor -->
