<?xml version="1.0" encoding="UTF-8"?>
<!-- Generated by org.testng.reporters.JUnitReportReporter -->
<testsuite hostname="CAI-C02SG3SRFVH6LT" name="com.cox.maven.poc.test.executor.CreateNewDealer" tests="2" failures="0" timestamp="28 Mar 2017 16:31:01 GMT" time="21.598" errors="0">
  <testcase name="loadNewDealerRequest" time="13.586" classname="com.cox.maven.poc.test.executor.CreateNewDealer"/>
  <testcase name="login" time="8.012" classname="com.cox.maven.poc.test.executor.CreateNewDealer"/>
</testsuite> <!-- com.cox.maven.poc.test.executor.CreateNewDealer -->
