<?xml version="1.0" encoding="UTF-8"?>
<!-- Generated by org.testng.reporters.JUnitReportReporter -->
<testsuite hostname="CAI-C02SG3SRFVH6LT" name="com.cox.maven.poc.test.executor.CreateNewDealer" tests="2" failures="0" timestamp="24 Mar 2017 18:28:02 GMT" time="18.616" errors="0">
  <testcase name="login" time="7.309" classname="com.cox.maven.poc.test.executor.CreateNewDealer"/>
  <testcase name="loadNewDealerRequest" time="11.307" classname="com.cox.maven.poc.test.executor.CreateNewDealer"/>
</testsuite> <!-- com.cox.maven.poc.test.executor.CreateNewDealer -->
