<?xml version="1.0" encoding="UTF-8"?>
<!-- Generated by org.testng.reporters.JUnitReportReporter -->
<testsuite hostname="CAI-C02SG3SRFVH6LT" name="com.cox.maven.poc.test_maven.OpportunitiesPageExecutor" tests="1" failures="0" timestamp="22 Mar 2017 19:55:49 GMT" time="11.603" errors="0">
  <testcase name="login" time="11.603" classname="com.cox.maven.poc.test_maven.OpportunitiesPageExecutor"/>
</testsuite> <!-- com.cox.maven.poc.test_maven.OpportunitiesPageExecutor -->
