<?xml version="1.0" encoding="UTF-8"?>
<!-- Generated by org.testng.reporters.JUnitReportReporter -->
<testsuite hostname="CAI-C02SG3SRFVH6LT" name="com.cox.maven.poc.test_maven.TestStepTwo" tests="2" failures="0" timestamp="23 Mar 2017 15:29:14 GMT" time="10.865" errors="0">
  <testcase name="login" time="1.974" classname="com.cox.maven.poc.test_maven.TestStepTwo"/>
  <testcase name="loadNewDealerRequest" time="8.891" classname="com.cox.maven.poc.test_maven.TestStepTwo"/>
</testsuite> <!-- com.cox.maven.poc.test_maven.TestStepTwo -->
