<?xml version="1.0" encoding="UTF-8"?>
<!-- Generated by org.testng.reporters.JUnitReportReporter -->
<testsuite hostname="CAI-C02SG3SRFVH6LT" name="com.cox.maven.poc.test.executor.OpportunitiesPageExecutor" tests="9" failures="0" timestamp="27 Mar 2017 14:16:40 GMT" time="42.853" errors="0">
  <testcase name="login" time="2.580" classname="com.cox.maven.poc.test.executor.OpportunitiesPageExecutor"/>
  <testcase name="addProducts" time="0.872" classname="com.cox.maven.poc.test.executor.OpportunitiesPageExecutor"/>
  <testcase name="editProduct" time="2.129" classname="com.cox.maven.poc.test.executor.OpportunitiesPageExecutor"/>
  <testcase name="addPartner" time="2.447" classname="com.cox.maven.poc.test.executor.OpportunitiesPageExecutor"/>
  <testcase name="addProductToOpportunity" time="8.157" classname="com.cox.maven.poc.test.executor.OpportunitiesPageExecutor"/>
  <testcase name="selectProducts" time="8.577" classname="com.cox.maven.poc.test.executor.OpportunitiesPageExecutor"/>
  <testcase name="addCompetitor" time="2.829" classname="com.cox.maven.poc.test.executor.OpportunitiesPageExecutor"/>
  <testcase name="createOpportunities" time="12.792" classname="com.cox.maven.poc.test.executor.OpportunitiesPageExecutor"/>
  <testcase name="addNotes" time="2.470" classname="com.cox.maven.poc.test.executor.OpportunitiesPageExecutor"/>
</testsuite> <!-- com.cox.maven.poc.test.executor.OpportunitiesPageExecutor -->
