<?xml version="1.0" encoding="UTF-8"?>
<!-- Generated by org.testng.reporters.JUnitReportReporter -->
<testsuite hostname="CAI-C02SG3SRFVH6LT" name="com.cox.maven.poc.test_maven.TestStepTwo" tests="2" failures="0" timestamp="24 Mar 2017 15:36:32 GMT" time="22.439" errors="0">
  <testcase name="login" time="7.972" classname="com.cox.maven.poc.test_maven.TestStepTwo"/>
  <testcase name="loadNewDealerRequest" time="14.467" classname="com.cox.maven.poc.test_maven.TestStepTwo"/>
</testsuite> <!-- com.cox.maven.poc.test_maven.TestStepTwo -->
