<?xml version="1.0" encoding="UTF-8"?>
<!-- Generated by org.testng.reporters.JUnitReportReporter -->
<testsuite hostname="CAI-C02SG3SRFVH6LT" name="com.cox.maven.poc.test.executor.CreateNewDealer" tests="2" failures="0" timestamp="27 Mar 2017 20:10:21 GMT" time="14.257" errors="0">
  <testcase name="loadNewDealerRequest" time="10.312" classname="com.cox.maven.poc.test.executor.CreateNewDealer"/>
  <testcase name="login" time="3.945" classname="com.cox.maven.poc.test.executor.CreateNewDealer"/>
</testsuite> <!-- com.cox.maven.poc.test.executor.CreateNewDealer -->
