<?xml version="1.0" encoding="UTF-8"?>
<!-- Generated by org.testng.reporters.JUnitReportReporter -->
<testsuite hostname="CAI-C02SG3SRFVH6LT" name="com.cox.maven.poc.test_maven.OpportunitiesPageExecutor" tests="9" failures="0" timestamp="23 Mar 2017 19:47:25 GMT" time="234.148" errors="0">
  <testcase name="addCompetitor" time="19.519" classname="com.cox.maven.poc.test_maven.OpportunitiesPageExecutor"/>
  <testcase name="addProducts" time="22.966" classname="com.cox.maven.poc.test_maven.OpportunitiesPageExecutor"/>
  <testcase name="addProductToOpportunity" time="40.524" classname="com.cox.maven.poc.test_maven.OpportunitiesPageExecutor"/>
  <testcase name="selectProducts" time="23.476" classname="com.cox.maven.poc.test_maven.OpportunitiesPageExecutor"/>
  <testcase name="addPartner" time="20.921" classname="com.cox.maven.poc.test_maven.OpportunitiesPageExecutor"/>
  <testcase name="createOpportunities" time="46.262" classname="com.cox.maven.poc.test_maven.OpportunitiesPageExecutor"/>
  <testcase name="editProduct" time="19.104" classname="com.cox.maven.poc.test_maven.OpportunitiesPageExecutor"/>
  <testcase name="addNotes" time="18.587" classname="com.cox.maven.poc.test_maven.OpportunitiesPageExecutor"/>
  <testcase name="login" time="22.789" classname="com.cox.maven.poc.test_maven.OpportunitiesPageExecutor"/>
</testsuite> <!-- com.cox.maven.poc.test_maven.OpportunitiesPageExecutor -->
