<?xml version="1.0" encoding="UTF-8"?>
<!-- Generated by org.testng.reporters.JUnitReportReporter -->
<testsuite hostname="CAI-C02SG3SRFVH6LT" name="com.cox.maven.poc.test.executor.CreateNewDealer" tests="2" failures="0" timestamp="27 Mar 2017 14:16:40 GMT" time="16.335" errors="0">
  <testcase name="login" time="6.014" classname="com.cox.maven.poc.test.executor.CreateNewDealer"/>
  <testcase name="loadNewDealerRequest" time="10.321" classname="com.cox.maven.poc.test.executor.CreateNewDealer"/>
</testsuite> <!-- com.cox.maven.poc.test.executor.CreateNewDealer -->
