<?xml version="1.0" encoding="UTF-8"?>
<!-- Generated by org.testng.reporters.JUnitReportReporter -->
<testsuite hostname="CAI-C02SG3SRFVH6LT" name="com.cox.maven.poc.test_maven.App" tests="1" failures="0" timestamp="20 Mar 2017 20:36:25 GMT" time="0.007" errors="0">
  <testcase name="test" time="0.007" classname="com.cox.maven.poc.test_maven.App"/>
</testsuite> <!-- com.cox.maven.poc.test_maven.App -->
