<?xml version="1.0" encoding="UTF-8"?>
<!-- Generated by org.testng.reporters.JUnitReportReporter -->
<testsuite hostname="CAI-C02SG3SRFVH6LT" name="com.cox.maven.poc.test_maven.TestNGExecutor" tests="2" failures="0" timestamp="21 Mar 2017 13:23:26 GMT" time="8.693" errors="0">
  <testcase name="createOpportunities" time="7.422" classname="com.cox.maven.poc.test_maven.TestNGExecutor"/>
  <testcase name="login" time="1.271" classname="com.cox.maven.poc.test_maven.TestNGExecutor"/>
</testsuite> <!-- com.cox.maven.poc.test_maven.TestNGExecutor -->
